2019-09-11 12:00:08 INFO ////////////////////////////////////////////////////////////////////////////////////////////////////////
2019-09-11 12:00:08 INFO start block
2019-09-11 12:00:08 INFO leads type:factory
2019-09-11 12:00:08 INFO run_mode:test
2019-09-11 12:00:08 INFO added leads to table:A_FACTORY_REALTIME
2019-09-11 12:00:08 INFO added leads match data to:ADDED_MATCH_DATA
2019-09-11 12:00:08 INFO data table init
2019-09-11 12:00:08 INFO set timestamp range to   dt_st:2019-06-01 00:05:47 to dt_ed:2019-11-06 23:05:47
2019-09-11 12:00:08 INFO http://10.21.64.21:9098/service/factorydata/queryCheckinByOptimePage?page=1&size=1000&timeStart=1559318747000&timeEnd=1573052747000
2019-09-11 12:00:08 INFO collect  request data///:1
2019-09-11 12:00:08 INFO http://10.21.64.21:9098/service/factorydata/queryCheckinByOptimePage?page=2&size=1000&timeStart=1559318747000&timeEnd=1573052747000
2019-09-11 12:00:08 INFO get request data error///count:1  message:'NoneType' object is not subscriptable
2019-09-11 12:00:09 INFO http://10.21.64.21:9098/service/factorydata/queryCheckinByOptimePage?page=2&size=1000&timeStart=1559318747000&timeEnd=1573052747000
2019-09-11 12:00:09 INFO original factory lines:26
2019-09-11 12:00:09 INFO filter factory lines:12
2019-09-11 12:00:09 INFO extract factory lines:71
2019-09-11 12:00:09 INFO (cx_Oracle.DatabaseError) ORA-01861: literal does not match format string
[SQL: INSERT INTO a_factory_realtime (email1, "emailValid1", phone, "phoneValid1", mobile, "mobileValid1", "whatsAppValid", "buyerProdTag", "companyName", "firstName", "lastName", action_time, op_time, website_id, tag_code, purchaser_id) VALUES (:email1, :emailValid1, :phone, :phoneValid1, :mobile, :mobileValid1, :whatsAppValid, :buyerProdTag, :companyName, :firstName, :lastName, :action_time, :op_time, :website_id, :tag_code, :purchaser_id)]
[parameters: [{'email1': '872806097@qq.com', 'emailValid1': '校验通过', 'phone': None, 'phoneValid1': '校验不通过', 'mobile': '+86 130 6790 0670', 'mobileValid1': '校验通过', 'whatsAppValid': '校验通过', 'buyerProdTag': '1007:[TL00014,CE00059,CE00135,HO00058,HO00019,CE00064,PP00007,PP00006,PP00009,PP00004,PP00003,PP00005,PP00010,PP00002,FA00039,FA00034,FA00038,FA00035 ... (20 characters truncated) ... 0037,FA00032,FA00031,CE00137,CE00105,CE00116,CE00106,CE00127,CE00062,CE00066,CE00133,CE00139,CE00130,CE00114,CE00052,CE00140,CE00138,CE00032,BP00154]', 'companyName': 'Testwhatsapp', 'firstName': 'Testwhatsapp', 'lastName': 'Simin', 'action_time': '2019-09-06 09:27:11', 'op_time': Decimal('1567733231370.0000000000'), 'website_id': '1007', 'tag_code': 'TL00014', 'purchaser_id': '100011481827'}, {'email1': '872806097@qq.com', 'emailValid1': '校验通过', 'phone': None, 'phoneValid1': '校验不通过', 'mobile': '+86 130 6790 0670', 'mobileValid1': '校验通过', 'whatsAppValid': '校验通过', 'buyerProdTag': '1007:[TL00014,CE00059,CE00135,HO00058,HO00019,CE00064,PP00007,PP00006,PP00009,PP00004,PP00003,PP00005,PP00010,PP00002,FA00039,FA00034,FA00038,FA00035 ... (20 characters truncated) ... 0037,FA00032,FA00031,CE00137,CE00105,CE00116,CE00106,CE00127,CE00062,CE00066,CE00133,CE00139,CE00130,CE00114,CE00052,CE00140,CE00138,CE00032,BP00154]', 'companyName': 'Testwhatsapp', 'firstName': 'Testwhatsapp', 'lastName': 'Simin', 'action_time': '2019-09-06 09:27:11', 'op_time': Decimal('1567733231370.0000000000'), 'website_id': '1007', 'tag_code': 'CE00059', 'purchaser_id': '100011481827'}, {'email1': '872806097@qq.com', 'emailValid1': '校验通过', 'phone': None, 'phoneValid1': '校验不通过', 'mobile': '+86 130 6790 0670', 'mobileValid1': '校验通过', 'whatsAppValid': '校验通过', 'buyerProdTag': '1007:[TL00014,CE00059,CE00135,HO00058,HO00019,CE00064,PP00007,PP00006,PP00009,PP00004,PP00003,PP00005,PP00010,PP00002,FA00039,FA00034,FA00038,FA00035 ... (20 characters truncated) ... 0037,FA00032,FA00031,CE00137,CE00105,CE00116,CE00106,CE00127,CE00062,CE00066,CE00133,CE00139,CE00130,CE00114,CE00052,CE00140,CE00138,CE00032,BP00154]', 'companyName': 'Testwhatsapp', 'firstName': 'Testwhatsapp', 'lastName': 'Simin', 'action_time': '2019-09-06 09:27:11', 'op_time': Decimal('1567733231370.0000000000'), 'website_id': '1007', 'tag_code': 'CE00135', 'purchaser_id': '100011481827'}, {'email1': '872806097@qq.com', 'emailValid1': '校验通过', 'phone': None, 'phoneValid1': '校验不通过', 'mobile': '+86 130 6790 0670', 'mobileValid1': '校验通过', 'whatsAppValid': '校验通过', 'buyerProdTag': '1007:[TL00014,CE00059,CE00135,HO00058,HO00019,CE00064,PP00007,PP00006,PP00009,PP00004,PP00003,PP00005,PP00010,PP00002,FA00039,FA00034,FA00038,FA00035 ... (20 characters truncated) ... 0037,FA00032,FA00031,CE00137,CE00105,CE00116,CE00106,CE00127,CE00062,CE00066,CE00133,CE00139,CE00130,CE00114,CE00052,CE00140,CE00138,CE00032,BP00154]', 'companyName': 'Testwhatsapp', 'firstName': 'Testwhatsapp', 'lastName': 'Simin', 'action_time': '2019-09-06 09:27:11', 'op_time': Decimal('1567733231370.0000000000'), 'website_id': '1007', 'tag_code': 'HO00058', 'purchaser_id': '100011481827'}, {'email1': '872806097@qq.com', 'emailValid1': '校验通过', 'phone': None, 'phoneValid1': '校验不通过', 'mobile': '+86 130 6790 0670', 'mobileValid1': '校验通过', 'whatsAppValid': '校验通过', 'buyerProdTag': '1007:[TL00014,CE00059,CE00135,HO00058,HO00019,CE00064,PP00007,PP00006,PP00009,PP00004,PP00003,PP00005,PP00010,PP00002,FA00039,FA00034,FA00038,FA00035 ... (20 characters truncated) ... 0037,FA00032,FA00031,CE00137,CE00105,CE00116,CE00106,CE00127,CE00062,CE00066,CE00133,CE00139,CE00130,CE00114,CE00052,CE00140,CE00138,CE00032,BP00154]', 'companyName': 'Testwhatsapp', 'firstName': 'Testwhatsapp', 'lastName': 'Simin', 'action_time': '2019-09-06 09:27:11', 'op_time': Decimal('1567733231370.0000000000'), 'website_id': '1007', 'tag_code': 'HO00019', 'purchaser_id': '100011481827'}, {'email1': '872806097@qq.com', 'emailValid1': '校验通过', 'phone': None, 'phoneValid1': '校验不通过', 'mobile': '+86 130 6790 0670', 'mobileValid1': '校验通过', 'whatsAppValid': '校验通过', 'buyerProdTag': '1007:[TL00014,CE00059,CE00135,HO00058,HO00019,CE00064,PP00007,PP00006,PP00009,PP00004,PP00003,PP00005,PP00010,PP00002,FA00039,FA00034,FA00038,FA00035 ... (20 characters truncated) ... 0037,FA00032,FA00031,CE00137,CE00105,CE00116,CE00106,CE00127,CE00062,CE00066,CE00133,CE00139,CE00130,CE00114,CE00052,CE00140,CE00138,CE00032,BP00154]', 'companyName': 'Testwhatsapp', 'firstName': 'Testwhatsapp', 'lastName': 'Simin', 'action_time': '2019-09-06 09:27:11', 'op_time': Decimal('1567733231370.0000000000'), 'website_id': '1007', 'tag_code': 'CE00064', 'purchaser_id': '100011481827'}, {'email1': '872806097@qq.com', 'emailValid1': '校验通过', 'phone': None, 'phoneValid1': '校验不通过', 'mobile': '+86 130 6790 0670', 'mobileValid1': '校验通过', 'whatsAppValid': '校验通过', 'buyerProdTag': '1007:[TL00014,CE00059,CE00135,HO00058,HO00019,CE00064,PP00007,PP00006,PP00009,PP00004,PP00003,PP00005,PP00010,PP00002,FA00039,FA00034,FA00038,FA00035 ... (20 characters truncated) ... 0037,FA00032,FA00031,CE00137,CE00105,CE00116,CE00106,CE00127,CE00062,CE00066,CE00133,CE00139,CE00130,CE00114,CE00052,CE00140,CE00138,CE00032,BP00154]', 'companyName': 'Testwhatsapp', 'firstName': 'Testwhatsapp', 'lastName': 'Simin', 'action_time': '2019-09-06 09:27:11', 'op_time': Decimal('1567733231370.0000000000'), 'website_id': '1007', 'tag_code': 'PP00007', 'purchaser_id': '100011481827'}, {'email1': '872806097@qq.com', 'emailValid1': '校验通过', 'phone': None, 'phoneValid1': '校验不通过', 'mobile': '+86 130 6790 0670', 'mobileValid1': '校验通过', 'whatsAppValid': '校验通过', 'buyerProdTag': '1007:[TL00014,CE00059,CE00135,HO00058,HO00019,CE00064,PP00007,PP00006,PP00009,PP00004,PP00003,PP00005,PP00010,PP00002,FA00039,FA00034,FA00038,FA00035 ... (20 characters truncated) ... 0037,FA00032,FA00031,CE00137,CE00105,CE00116,CE00106,CE00127,CE00062,CE00066,CE00133,CE00139,CE00130,CE00114,CE00052,CE00140,CE00138,CE00032,BP00154]', 'companyName': 'Testwhatsapp', 'firstName': 'Testwhatsapp', 'lastName': 'Simin', 'action_time': '2019-09-06 09:27:11', 'op_time': Decimal('1567733231370.0000000000'), 'website_id': '1007', 'tag_code': 'PP00006', 'purchaser_id': '100011481827'}  ... displaying 10 of 71 total bound parameter sets ...  {'email1': '2121register@qq.com', 'emailValid1': '校验通过', 'phone': None, 'phoneValid1': '校验不通过', 'mobile': '+203232', 'mobileValid1': '校验通过', 'whatsAppValid': '校验不通过', 'buyerProdTag': '1003:[AG00018,FU00079]', 'companyName': '3232', 'firstName': '33232zytregister', 'lastName': None, 'action_time': '2019-09-08 15:21:30', 'op_time': Decimal('1567927290523.0000000000'), 'website_id': '1003', 'tag_code': 'AG00018', 'purchaser_id': '100013259066'}, {'email1': '2121register@qq.com', 'emailValid1': '校验通过', 'phone': None, 'phoneValid1': '校验不通过', 'mobile': '+203232', 'mobileValid1': '校验通过', 'whatsAppValid': '校验不通过', 'buyerProdTag': '1003:[AG00018,FU00079]', 'companyName': '3232', 'firstName': '33232zytregister', 'lastName': None, 'action_time': '2019-09-08 15:21:30', 'op_time': Decimal('1567927290523.0000000000'), 'website_id': '1003', 'tag_code': 'FU00079', 'purchaser_id': '100013259066'}]]
(Background on this error at: http://sqlalche.me/e/4xp6)
2019-09-11 12:00:09 INFO finish block
2019-09-11 12:06:06 ERROR Invalid alias: The name clear can't be aliased because it is another magic command.
2019-09-11 12:06:06 ERROR Invalid alias: The name more can't be aliased because it is another magic command.
2019-09-11 12:06:06 ERROR Invalid alias: The name less can't be aliased because it is another magic command.
2019-09-11 12:06:06 ERROR Invalid alias: The name man can't be aliased because it is another magic command.
2019-09-11 12:06:10 INFO ////////////////////////////////////////////////////////////////////////////////////////////////////////
2019-09-11 12:06:10 INFO start block
2019-09-11 12:06:10 INFO leads type:factory
2019-09-11 12:06:10 INFO run_mode:test
2019-09-11 12:06:10 INFO added leads to table:A_FACTORY_REALTIME
2019-09-11 12:06:10 INFO added leads match data to:ADDED_MATCH_DATA
2019-09-11 12:06:10 INFO data table init
2019-09-11 12:06:10 INFO set timestamp range to   dt_st:2019-06-01 00:05:47 to dt_ed:2019-11-06 23:05:47
2019-09-11 12:06:10 INFO http://10.21.64.21:9098/service/factorydata/queryCheckinByOptimePage?page=1&size=1000&timeStart=1559318747000&timeEnd=1573052747000
2019-09-11 12:06:10 INFO collect  request data///:1
2019-09-11 12:06:10 INFO http://10.21.64.21:9098/service/factorydata/queryCheckinByOptimePage?page=2&size=1000&timeStart=1559318747000&timeEnd=1573052747000
2019-09-11 12:06:10 INFO get request data error///count:1  message:'NoneType' object is not subscriptable
2019-09-11 12:06:11 INFO http://10.21.64.21:9098/service/factorydata/queryCheckinByOptimePage?page=2&size=1000&timeStart=1559318747000&timeEnd=1573052747000
2019-09-11 12:06:11 INFO original factory lines:26
2019-09-11 12:06:11 INFO filter factory lines:12
2019-09-11 12:06:11 INFO extract factory lines:71
2019-09-11 12:06:11 INFO (cx_Oracle.DatabaseError) ORA-01861: literal does not match format string
[SQL: INSERT INTO a_factory_realtime (email1, "emailValid1", phone, "phoneValid1", mobile, "mobileValid1", "whatsAppValid", "buyerProdTag", "companyName", "firstName", "lastName", action_time, op_time, website_id, tag_code, purchaser_id) VALUES (:email1, :emailValid1, :phone, :phoneValid1, :mobile, :mobileValid1, :whatsAppValid, :buyerProdTag, :companyName, :firstName, :lastName, :action_time, :op_time, :website_id, :tag_code, :purchaser_id)]
[parameters: [{'email1': '872806097@qq.com', 'emailValid1': '校验通过', 'phone': None, 'phoneValid1': '校验不通过', 'mobile': '+86 130 6790 0670', 'mobileValid1': '校验通过', 'whatsAppValid': '校验通过', 'buyerProdTag': '1007:[TL00014,CE00059,CE00135,HO00058,HO00019,CE00064,PP00007,PP00006,PP00009,PP00004,PP00003,PP00005,PP00010,PP00002,FA00039,FA00034,FA00038,FA00035 ... (20 characters truncated) ... 0037,FA00032,FA00031,CE00137,CE00105,CE00116,CE00106,CE00127,CE00062,CE00066,CE00133,CE00139,CE00130,CE00114,CE00052,CE00140,CE00138,CE00032,BP00154]', 'companyName': 'Testwhatsapp', 'firstName': 'Testwhatsapp', 'lastName': 'Simin', 'action_time': '2019-09-06 09:27:11', 'op_time': Decimal('1567733231370.0000000000'), 'website_id': '1007', 'tag_code': 'TL00014', 'purchaser_id': '100011481827'}, {'email1': '872806097@qq.com', 'emailValid1': '校验通过', 'phone': None, 'phoneValid1': '校验不通过', 'mobile': '+86 130 6790 0670', 'mobileValid1': '校验通过', 'whatsAppValid': '校验通过', 'buyerProdTag': '1007:[TL00014,CE00059,CE00135,HO00058,HO00019,CE00064,PP00007,PP00006,PP00009,PP00004,PP00003,PP00005,PP00010,PP00002,FA00039,FA00034,FA00038,FA00035 ... (20 characters truncated) ... 0037,FA00032,FA00031,CE00137,CE00105,CE00116,CE00106,CE00127,CE00062,CE00066,CE00133,CE00139,CE00130,CE00114,CE00052,CE00140,CE00138,CE00032,BP00154]', 'companyName': 'Testwhatsapp', 'firstName': 'Testwhatsapp', 'lastName': 'Simin', 'action_time': '2019-09-06 09:27:11', 'op_time': Decimal('1567733231370.0000000000'), 'website_id': '1007', 'tag_code': 'CE00059', 'purchaser_id': '100011481827'}, {'email1': '872806097@qq.com', 'emailValid1': '校验通过', 'phone': None, 'phoneValid1': '校验不通过', 'mobile': '+86 130 6790 0670', 'mobileValid1': '校验通过', 'whatsAppValid': '校验通过', 'buyerProdTag': '1007:[TL00014,CE00059,CE00135,HO00058,HO00019,CE00064,PP00007,PP00006,PP00009,PP00004,PP00003,PP00005,PP00010,PP00002,FA00039,FA00034,FA00038,FA00035 ... (20 characters truncated) ... 0037,FA00032,FA00031,CE00137,CE00105,CE00116,CE00106,CE00127,CE00062,CE00066,CE00133,CE00139,CE00130,CE00114,CE00052,CE00140,CE00138,CE00032,BP00154]', 'companyName': 'Testwhatsapp', 'firstName': 'Testwhatsapp', 'lastName': 'Simin', 'action_time': '2019-09-06 09:27:11', 'op_time': Decimal('1567733231370.0000000000'), 'website_id': '1007', 'tag_code': 'CE00135', 'purchaser_id': '100011481827'}, {'email1': '872806097@qq.com', 'emailValid1': '校验通过', 'phone': None, 'phoneValid1': '校验不通过', 'mobile': '+86 130 6790 0670', 'mobileValid1': '校验通过', 'whatsAppValid': '校验通过', 'buyerProdTag': '1007:[TL00014,CE00059,CE00135,HO00058,HO00019,CE00064,PP00007,PP00006,PP00009,PP00004,PP00003,PP00005,PP00010,PP00002,FA00039,FA00034,FA00038,FA00035 ... (20 characters truncated) ... 0037,FA00032,FA00031,CE00137,CE00105,CE00116,CE00106,CE00127,CE00062,CE00066,CE00133,CE00139,CE00130,CE00114,CE00052,CE00140,CE00138,CE00032,BP00154]', 'companyName': 'Testwhatsapp', 'firstName': 'Testwhatsapp', 'lastName': 'Simin', 'action_time': '2019-09-06 09:27:11', 'op_time': Decimal('1567733231370.0000000000'), 'website_id': '1007', 'tag_code': 'HO00058', 'purchaser_id': '100011481827'}, {'email1': '872806097@qq.com', 'emailValid1': '校验通过', 'phone': None, 'phoneValid1': '校验不通过', 'mobile': '+86 130 6790 0670', 'mobileValid1': '校验通过', 'whatsAppValid': '校验通过', 'buyerProdTag': '1007:[TL00014,CE00059,CE00135,HO00058,HO00019,CE00064,PP00007,PP00006,PP00009,PP00004,PP00003,PP00005,PP00010,PP00002,FA00039,FA00034,FA00038,FA00035 ... (20 characters truncated) ... 0037,FA00032,FA00031,CE00137,CE00105,CE00116,CE00106,CE00127,CE00062,CE00066,CE00133,CE00139,CE00130,CE00114,CE00052,CE00140,CE00138,CE00032,BP00154]', 'companyName': 'Testwhatsapp', 'firstName': 'Testwhatsapp', 'lastName': 'Simin', 'action_time': '2019-09-06 09:27:11', 'op_time': Decimal('1567733231370.0000000000'), 'website_id': '1007', 'tag_code': 'HO00019', 'purchaser_id': '100011481827'}, {'email1': '872806097@qq.com', 'emailValid1': '校验通过', 'phone': None, 'phoneValid1': '校验不通过', 'mobile': '+86 130 6790 0670', 'mobileValid1': '校验通过', 'whatsAppValid': '校验通过', 'buyerProdTag': '1007:[TL00014,CE00059,CE00135,HO00058,HO00019,CE00064,PP00007,PP00006,PP00009,PP00004,PP00003,PP00005,PP00010,PP00002,FA00039,FA00034,FA00038,FA00035 ... (20 characters truncated) ... 0037,FA00032,FA00031,CE00137,CE00105,CE00116,CE00106,CE00127,CE00062,CE00066,CE00133,CE00139,CE00130,CE00114,CE00052,CE00140,CE00138,CE00032,BP00154]', 'companyName': 'Testwhatsapp', 'firstName': 'Testwhatsapp', 'lastName': 'Simin', 'action_time': '2019-09-06 09:27:11', 'op_time': Decimal('1567733231370.0000000000'), 'website_id': '1007', 'tag_code': 'CE00064', 'purchaser_id': '100011481827'}, {'email1': '872806097@qq.com', 'emailValid1': '校验通过', 'phone': None, 'phoneValid1': '校验不通过', 'mobile': '+86 130 6790 0670', 'mobileValid1': '校验通过', 'whatsAppValid': '校验通过', 'buyerProdTag': '1007:[TL00014,CE00059,CE00135,HO00058,HO00019,CE00064,PP00007,PP00006,PP00009,PP00004,PP00003,PP00005,PP00010,PP00002,FA00039,FA00034,FA00038,FA00035 ... (20 characters truncated) ... 0037,FA00032,FA00031,CE00137,CE00105,CE00116,CE00106,CE00127,CE00062,CE00066,CE00133,CE00139,CE00130,CE00114,CE00052,CE00140,CE00138,CE00032,BP00154]', 'companyName': 'Testwhatsapp', 'firstName': 'Testwhatsapp', 'lastName': 'Simin', 'action_time': '2019-09-06 09:27:11', 'op_time': Decimal('1567733231370.0000000000'), 'website_id': '1007', 'tag_code': 'PP00007', 'purchaser_id': '100011481827'}, {'email1': '872806097@qq.com', 'emailValid1': '校验通过', 'phone': None, 'phoneValid1': '校验不通过', 'mobile': '+86 130 6790 0670', 'mobileValid1': '校验通过', 'whatsAppValid': '校验通过', 'buyerProdTag': '1007:[TL00014,CE00059,CE00135,HO00058,HO00019,CE00064,PP00007,PP00006,PP00009,PP00004,PP00003,PP00005,PP00010,PP00002,FA00039,FA00034,FA00038,FA00035 ... (20 characters truncated) ... 0037,FA00032,FA00031,CE00137,CE00105,CE00116,CE00106,CE00127,CE00062,CE00066,CE00133,CE00139,CE00130,CE00114,CE00052,CE00140,CE00138,CE00032,BP00154]', 'companyName': 'Testwhatsapp', 'firstName': 'Testwhatsapp', 'lastName': 'Simin', 'action_time': '2019-09-06 09:27:11', 'op_time': Decimal('1567733231370.0000000000'), 'website_id': '1007', 'tag_code': 'PP00006', 'purchaser_id': '100011481827'}  ... displaying 10 of 71 total bound parameter sets ...  {'email1': '2121register@qq.com', 'emailValid1': '校验通过', 'phone': None, 'phoneValid1': '校验不通过', 'mobile': '+203232', 'mobileValid1': '校验通过', 'whatsAppValid': '校验不通过', 'buyerProdTag': '1003:[AG00018,FU00079]', 'companyName': '3232', 'firstName': '33232zytregister', 'lastName': None, 'action_time': '2019-09-08 15:21:30', 'op_time': Decimal('1567927290523.0000000000'), 'website_id': '1003', 'tag_code': 'AG00018', 'purchaser_id': '100013259066'}, {'email1': '2121register@qq.com', 'emailValid1': '校验通过', 'phone': None, 'phoneValid1': '校验不通过', 'mobile': '+203232', 'mobileValid1': '校验通过', 'whatsAppValid': '校验不通过', 'buyerProdTag': '1003:[AG00018,FU00079]', 'companyName': '3232', 'firstName': '33232zytregister', 'lastName': None, 'action_time': '2019-09-08 15:21:30', 'op_time': Decimal('1567927290523.0000000000'), 'website_id': '1003', 'tag_code': 'FU00079', 'purchaser_id': '100013259066'}]]
(Background on this error at: http://sqlalche.me/e/4xp6)
2019-09-11 12:06:11 INFO finish block
2019-09-11 12:06:28 INFO ////////////////////////////////////////////////////////////////////////////////////////////////////////
2019-09-11 12:06:28 INFO start block
2019-09-11 12:06:28 INFO leads type:factory
2019-09-11 12:06:28 INFO run_mode:test
2019-09-11 12:06:28 INFO added leads to table:A_FACTORY_REALTIME
2019-09-11 12:06:28 INFO added leads match data to:ADDED_MATCH_DATA
2019-09-11 12:06:28 INFO data table init
2019-09-11 12:06:28 INFO set timestamp range to   dt_st:2019-06-01 00:05:47 to dt_ed:2019-11-06 23:05:47
2019-09-11 12:06:28 INFO http://10.21.64.21:9098/service/factorydata/queryCheckinByOptimePage?page=1&size=1000&timeStart=1559318747000&timeEnd=1573052747000
2019-09-11 12:06:28 INFO collect  request data///:1
2019-09-11 12:06:28 INFO http://10.21.64.21:9098/service/factorydata/queryCheckinByOptimePage?page=2&size=1000&timeStart=1559318747000&timeEnd=1573052747000
2019-09-11 12:06:28 INFO get request data error///count:1  message:'NoneType' object is not subscriptable
2019-09-11 12:06:29 INFO http://10.21.64.21:9098/service/factorydata/queryCheckinByOptimePage?page=2&size=1000&timeStart=1559318747000&timeEnd=1573052747000
2019-09-11 12:06:29 INFO original factory lines:26
2019-09-11 12:06:29 INFO filter factory lines:12
2019-09-11 12:06:29 INFO extract factory lines:71
2019-09-11 12:06:29 INFO (cx_Oracle.DatabaseError) ORA-01861: literal does not match format string
[SQL: INSERT INTO a_factory_realtime (email1, "emailValid1", phone, "phoneValid1", mobile, "mobileValid1", "whatsAppValid", "buyerProdTag", "companyName", "firstName", "lastName", action_time, op_time, website_id, tag_code, purchaser_id) VALUES (:email1, :emailValid1, :phone, :phoneValid1, :mobile, :mobileValid1, :whatsAppValid, :buyerProdTag, :companyName, :firstName, :lastName, :action_time, :op_time, :website_id, :tag_code, :purchaser_id)]
[parameters: [{'email1': '872806097@qq.com', 'emailValid1': '校验通过', 'phone': None, 'phoneValid1': '校验不通过', 'mobile': '+86 130 6790 0670', 'mobileValid1': '校验通过', 'whatsAppValid': '校验通过', 'buyerProdTag': '1007:[TL00014,CE00059,CE00135,HO00058,HO00019,CE00064,PP00007,PP00006,PP00009,PP00004,PP00003,PP00005,PP00010,PP00002,FA00039,FA00034,FA00038,FA00035 ... (20 characters truncated) ... 0037,FA00032,FA00031,CE00137,CE00105,CE00116,CE00106,CE00127,CE00062,CE00066,CE00133,CE00139,CE00130,CE00114,CE00052,CE00140,CE00138,CE00032,BP00154]', 'companyName': 'Testwhatsapp', 'firstName': 'Testwhatsapp', 'lastName': 'Simin', 'action_time': '2019-09-06 09:27:11', 'op_time': Decimal('1567733231370.0000000000'), 'website_id': '1007', 'tag_code': 'TL00014', 'purchaser_id': '100011481827'}, {'email1': '872806097@qq.com', 'emailValid1': '校验通过', 'phone': None, 'phoneValid1': '校验不通过', 'mobile': '+86 130 6790 0670', 'mobileValid1': '校验通过', 'whatsAppValid': '校验通过', 'buyerProdTag': '1007:[TL00014,CE00059,CE00135,HO00058,HO00019,CE00064,PP00007,PP00006,PP00009,PP00004,PP00003,PP00005,PP00010,PP00002,FA00039,FA00034,FA00038,FA00035 ... (20 characters truncated) ... 0037,FA00032,FA00031,CE00137,CE00105,CE00116,CE00106,CE00127,CE00062,CE00066,CE00133,CE00139,CE00130,CE00114,CE00052,CE00140,CE00138,CE00032,BP00154]', 'companyName': 'Testwhatsapp', 'firstName': 'Testwhatsapp', 'lastName': 'Simin', 'action_time': '2019-09-06 09:27:11', 'op_time': Decimal('1567733231370.0000000000'), 'website_id': '1007', 'tag_code': 'CE00059', 'purchaser_id': '100011481827'}, {'email1': '872806097@qq.com', 'emailValid1': '校验通过', 'phone': None, 'phoneValid1': '校验不通过', 'mobile': '+86 130 6790 0670', 'mobileValid1': '校验通过', 'whatsAppValid': '校验通过', 'buyerProdTag': '1007:[TL00014,CE00059,CE00135,HO00058,HO00019,CE00064,PP00007,PP00006,PP00009,PP00004,PP00003,PP00005,PP00010,PP00002,FA00039,FA00034,FA00038,FA00035 ... (20 characters truncated) ... 0037,FA00032,FA00031,CE00137,CE00105,CE00116,CE00106,CE00127,CE00062,CE00066,CE00133,CE00139,CE00130,CE00114,CE00052,CE00140,CE00138,CE00032,BP00154]', 'companyName': 'Testwhatsapp', 'firstName': 'Testwhatsapp', 'lastName': 'Simin', 'action_time': '2019-09-06 09:27:11', 'op_time': Decimal('1567733231370.0000000000'), 'website_id': '1007', 'tag_code': 'CE00135', 'purchaser_id': '100011481827'}, {'email1': '872806097@qq.com', 'emailValid1': '校验通过', 'phone': None, 'phoneValid1': '校验不通过', 'mobile': '+86 130 6790 0670', 'mobileValid1': '校验通过', 'whatsAppValid': '校验通过', 'buyerProdTag': '1007:[TL00014,CE00059,CE00135,HO00058,HO00019,CE00064,PP00007,PP00006,PP00009,PP00004,PP00003,PP00005,PP00010,PP00002,FA00039,FA00034,FA00038,FA00035 ... (20 characters truncated) ... 0037,FA00032,FA00031,CE00137,CE00105,CE00116,CE00106,CE00127,CE00062,CE00066,CE00133,CE00139,CE00130,CE00114,CE00052,CE00140,CE00138,CE00032,BP00154]', 'companyName': 'Testwhatsapp', 'firstName': 'Testwhatsapp', 'lastName': 'Simin', 'action_time': '2019-09-06 09:27:11', 'op_time': Decimal('1567733231370.0000000000'), 'website_id': '1007', 'tag_code': 'HO00058', 'purchaser_id': '100011481827'}, {'email1': '872806097@qq.com', 'emailValid1': '校验通过', 'phone': None, 'phoneValid1': '校验不通过', 'mobile': '+86 130 6790 0670', 'mobileValid1': '校验通过', 'whatsAppValid': '校验通过', 'buyerProdTag': '1007:[TL00014,CE00059,CE00135,HO00058,HO00019,CE00064,PP00007,PP00006,PP00009,PP00004,PP00003,PP00005,PP00010,PP00002,FA00039,FA00034,FA00038,FA00035 ... (20 characters truncated) ... 0037,FA00032,FA00031,CE00137,CE00105,CE00116,CE00106,CE00127,CE00062,CE00066,CE00133,CE00139,CE00130,CE00114,CE00052,CE00140,CE00138,CE00032,BP00154]', 'companyName': 'Testwhatsapp', 'firstName': 'Testwhatsapp', 'lastName': 'Simin', 'action_time': '2019-09-06 09:27:11', 'op_time': Decimal('1567733231370.0000000000'), 'website_id': '1007', 'tag_code': 'HO00019', 'purchaser_id': '100011481827'}, {'email1': '872806097@qq.com', 'emailValid1': '校验通过', 'phone': None, 'phoneValid1': '校验不通过', 'mobile': '+86 130 6790 0670', 'mobileValid1': '校验通过', 'whatsAppValid': '校验通过', 'buyerProdTag': '1007:[TL00014,CE00059,CE00135,HO00058,HO00019,CE00064,PP00007,PP00006,PP00009,PP00004,PP00003,PP00005,PP00010,PP00002,FA00039,FA00034,FA00038,FA00035 ... (20 characters truncated) ... 0037,FA00032,FA00031,CE00137,CE00105,CE00116,CE00106,CE00127,CE00062,CE00066,CE00133,CE00139,CE00130,CE00114,CE00052,CE00140,CE00138,CE00032,BP00154]', 'companyName': 'Testwhatsapp', 'firstName': 'Testwhatsapp', 'lastName': 'Simin', 'action_time': '2019-09-06 09:27:11', 'op_time': Decimal('1567733231370.0000000000'), 'website_id': '1007', 'tag_code': 'CE00064', 'purchaser_id': '100011481827'}, {'email1': '872806097@qq.com', 'emailValid1': '校验通过', 'phone': None, 'phoneValid1': '校验不通过', 'mobile': '+86 130 6790 0670', 'mobileValid1': '校验通过', 'whatsAppValid': '校验通过', 'buyerProdTag': '1007:[TL00014,CE00059,CE00135,HO00058,HO00019,CE00064,PP00007,PP00006,PP00009,PP00004,PP00003,PP00005,PP00010,PP00002,FA00039,FA00034,FA00038,FA00035 ... (20 characters truncated) ... 0037,FA00032,FA00031,CE00137,CE00105,CE00116,CE00106,CE00127,CE00062,CE00066,CE00133,CE00139,CE00130,CE00114,CE00052,CE00140,CE00138,CE00032,BP00154]', 'companyName': 'Testwhatsapp', 'firstName': 'Testwhatsapp', 'lastName': 'Simin', 'action_time': '2019-09-06 09:27:11', 'op_time': Decimal('1567733231370.0000000000'), 'website_id': '1007', 'tag_code': 'PP00007', 'purchaser_id': '100011481827'}, {'email1': '872806097@qq.com', 'emailValid1': '校验通过', 'phone': None, 'phoneValid1': '校验不通过', 'mobile': '+86 130 6790 0670', 'mobileValid1': '校验通过', 'whatsAppValid': '校验通过', 'buyerProdTag': '1007:[TL00014,CE00059,CE00135,HO00058,HO00019,CE00064,PP00007,PP00006,PP00009,PP00004,PP00003,PP00005,PP00010,PP00002,FA00039,FA00034,FA00038,FA00035 ... (20 characters truncated) ... 0037,FA00032,FA00031,CE00137,CE00105,CE00116,CE00106,CE00127,CE00062,CE00066,CE00133,CE00139,CE00130,CE00114,CE00052,CE00140,CE00138,CE00032,BP00154]', 'companyName': 'Testwhatsapp', 'firstName': 'Testwhatsapp', 'lastName': 'Simin', 'action_time': '2019-09-06 09:27:11', 'op_time': Decimal('1567733231370.0000000000'), 'website_id': '1007', 'tag_code': 'PP00006', 'purchaser_id': '100011481827'}  ... displaying 10 of 71 total bound parameter sets ...  {'email1': '2121register@qq.com', 'emailValid1': '校验通过', 'phone': None, 'phoneValid1': '校验不通过', 'mobile': '+203232', 'mobileValid1': '校验通过', 'whatsAppValid': '校验不通过', 'buyerProdTag': '1003:[AG00018,FU00079]', 'companyName': '3232', 'firstName': '33232zytregister', 'lastName': None, 'action_time': '2019-09-08 15:21:30', 'op_time': Decimal('1567927290523.0000000000'), 'website_id': '1003', 'tag_code': 'AG00018', 'purchaser_id': '100013259066'}, {'email1': '2121register@qq.com', 'emailValid1': '校验通过', 'phone': None, 'phoneValid1': '校验不通过', 'mobile': '+203232', 'mobileValid1': '校验通过', 'whatsAppValid': '校验不通过', 'buyerProdTag': '1003:[AG00018,FU00079]', 'companyName': '3232', 'firstName': '33232zytregister', 'lastName': None, 'action_time': '2019-09-08 15:21:30', 'op_time': Decimal('1567927290523.0000000000'), 'website_id': '1003', 'tag_code': 'FU00079', 'purchaser_id': '100013259066'}]]
(Background on this error at: http://sqlalche.me/e/4xp6)
2019-09-11 12:06:29 INFO finish block
2019-09-11 12:06:32 ERROR Invalid alias: The name clear can't be aliased because it is another magic command.
2019-09-11 12:06:32 ERROR Invalid alias: The name more can't be aliased because it is another magic command.
2019-09-11 12:06:32 ERROR Invalid alias: The name less can't be aliased because it is another magic command.
2019-09-11 12:06:32 ERROR Invalid alias: The name man can't be aliased because it is another magic command.
2019-09-11 12:57:02 INFO ////////////////////////////////////////////////////////////////////////////////////////////////////////
2019-09-11 12:57:02 INFO start block
2019-09-11 12:57:02 INFO leads type:factory
2019-09-11 12:57:02 INFO run_mode:test
2019-09-11 12:57:02 INFO added leads to table:A_FACTORY_REALTIME2
2019-09-11 12:57:02 INFO added leads match data to:ADDED_MATCH_DATA2
2019-09-11 12:57:02 INFO data table init
2019-09-11 12:57:02 INFO set timestamp range to   dt_st:2019-06-01 00:05:47 to dt_ed:2019-11-06 23:05:47
2019-09-11 12:57:02 INFO http://10.21.64.21:9098/service/factorydata/queryCheckinByOptimePage?page=1&size=1000&timeStart=1559318747000&timeEnd=1573052747000
2019-09-11 12:57:03 INFO collect  request data///:1
2019-09-11 12:57:03 INFO http://10.21.64.21:9098/service/factorydata/queryCheckinByOptimePage?page=2&size=1000&timeStart=1559318747000&timeEnd=1573052747000
2019-09-11 12:57:03 INFO get request data error///count:1  message:'NoneType' object is not subscriptable
2019-09-11 12:57:04 INFO http://10.21.64.21:9098/service/factorydata/queryCheckinByOptimePage?page=2&size=1000&timeStart=1559318747000&timeEnd=1573052747000
2019-09-11 12:57:04 INFO get request data error///count:2  message:'NoneType' object is not subscriptable
2019-09-11 12:57:05 INFO http://10.21.64.21:9098/service/factorydata/queryCheckinByOptimePage?page=2&size=1000&timeStart=1559318747000&timeEnd=1573052747000
2019-09-11 12:57:05 INFO get request data error///count:3  message:'NoneType' object is not subscriptable
2019-09-11 12:57:06 INFO http://10.21.64.21:9098/service/factorydata/queryCheckinByOptimePage?page=2&size=1000&timeStart=1559318747000&timeEnd=1573052747000
2019-09-11 12:57:06 INFO original factory lines:26
2019-09-11 12:57:06 INFO filter factory lines:12
2019-09-11 12:57:06 INFO extract factory lines:71
2019-09-11 12:57:06 INFO start wrting added match data............
2019-09-11 12:57:06 INFO create producer match table takes time//0.011877298355102539
2019-09-11 12:57:06 INFO max timestamp from ADDED_MATCH_DATA2 is None
2019-09-11 12:57:06 INFO match table init//////////
2019-09-11 12:57:06 INFO set match timestamp from 631126800000 to 7239952800000 
2019-09-11 12:57:06 INFO writing  factory added match  successfull,takes time:0.13587546348571777
2019-09-11 12:57:06 INFO all takes time :3.897858142852783 seconds
2019-09-11 12:57:06 INFO match all lines:14
2019-09-11 12:57:06 INFO finish block
2019-09-11 12:58:24 INFO ////////////////////////////////////////////////////////////////////////////////////////////////////////
2019-09-11 12:58:24 INFO start block
2019-09-11 12:58:24 INFO leads type:producer
2019-09-11 12:58:24 INFO run_mode:test
2019-09-11 12:58:24 INFO added leads to table:A_PRODUCER_REALTIME2
2019-09-11 12:58:24 INFO added leads match data to:ADDED_MATCH_DATA2
2019-09-11 12:58:24 INFO Data table init//////////
2019-09-11 12:58:24 INFO get producer add data from dt_st:2019-06-05 01:00:00 to dt_ed:2019-06-05 02:00:00
2019-09-11 12:58:29 INFO k///:0  batch  data len///:43  takes time total:5.033205509185791
2019-09-11 12:58:29 INFO read producer data takes time//5.033959150314331
2019-09-11 12:58:29 INFO original factory lines:43
2019-09-11 12:58:29 INFO start wrting added match data............
2019-09-11 12:58:29 INFO create producer match table takes time//0.004569530487060547
2019-09-11 12:58:29 INFO match table init//////////
2019-09-11 12:58:29 INFO set match date from 1990-01-01 01:00:00 to 2199-06-05 02:00:00 
2019-09-11 12:58:30 INFO writing  producer added match  successfull,takes time:0.13236284255981445
2019-09-11 12:58:30 INFO producer added data match takes time :5.391944885253906 seconds
2019-09-11 12:58:30 INFO all data lines:75
2019-09-11 12:58:30 INFO finish block
2019-09-11 13:05:39 INFO ////////////////////////////////////////////////////////////////////////////////////////////////////////
2019-09-11 13:05:39 INFO start block
2019-09-11 13:05:39 INFO leads type:producer
2019-09-11 13:05:39 INFO run_mode:test
2019-09-11 13:05:39 INFO added leads to table:A_PRODUCER_REALTIME2
2019-09-11 13:05:39 INFO added leads match data to:ADDED_MATCH_DATA2
2019-09-11 13:05:39 INFO get producer add data from dt_st:2019-09-08 14:21:30 to dt_ed:2019-09-08 15:21:30
2019-09-11 13:05:39 INFO read producer data takes time//0.23791956901550293
2019-09-11 13:05:39 INFO original factory lines:0
2019-09-11 13:05:39 INFO start wrting added match data............
2019-09-11 13:05:39 INFO create producer match table takes time//0.047504425048828125
2019-09-11 13:05:40 INFO set match date from 2019-06-05 01:59:43 to 2019-06-05 02:59:43 
2019-09-11 13:05:40 INFO writing  producer added match  successfull,takes time:0.016222000122070312
2019-09-11 13:05:40 INFO producer added data match takes time :0.4135763645172119 seconds
2019-09-11 13:05:40 INFO all data lines:75
2019-09-11 13:05:40 INFO finish block
2019-09-11 13:06:04 ERROR Invalid alias: The name clear can't be aliased because it is another magic command.
2019-09-11 13:06:04 ERROR Invalid alias: The name more can't be aliased because it is another magic command.
2019-09-11 13:06:04 ERROR Invalid alias: The name less can't be aliased because it is another magic command.
2019-09-11 13:06:04 ERROR Invalid alias: The name man can't be aliased because it is another magic command.
2019-09-11 13:06:05 ERROR Invalid alias: The name clear can't be aliased because it is another magic command.
2019-09-11 13:06:05 ERROR Invalid alias: The name more can't be aliased because it is another magic command.
2019-09-11 13:06:05 ERROR Invalid alias: The name less can't be aliased because it is another magic command.
2019-09-11 13:06:05 ERROR Invalid alias: The name man can't be aliased because it is another magic command.
